#
# There is insufficient memory for the Java Runtime Environment to continue.
# Native memory allocation (malloc) failed to allocate 655696 bytes for Chunk::new
# Possible reasons:
#   The system is out of physical RAM or swap space
#   The process is running with CompressedOops enabled, and the Java Heap may be blocking the growth of the native heap
# Possible solutions:
#   Reduce memory load on the system
#   Increase physical memory or swap space
#   Check if swap backing store is full
#   Decrease Java heap size (-Xmx/-Xms)
#   Decrease number of Java threads
#   Decrease Java thread stack sizes (-Xss)
#   Set larger code cache with -XX:ReservedCodeCacheSize=
#   JVM is running with Unscaled Compressed Oops mode in which the Java heap is
#     placed in the first 4GB address space. The Java Heap base address is the
#     maximum limit for the native heap growth. Please use -XX:HeapBaseMinAddress
#     to set the Java Heap base and to place the Java Heap above 4GB virtual address.
# This output file may be truncated or incomplete.
#
#  Out of Memory Error (allocation.cpp:389), pid=20844, tid=0x000000000000271c
#
# JRE version: OpenJDK Runtime Environment (8.0_392-b08) (build 1.8.0_392-b08)
# Java VM: OpenJDK 64-Bit Server VM (25.392-b08 mixed mode windows-amd64 compressed oops)
# Failed to write core dump. Minidumps are not enabled by default on client versions of Windows
#

---------------  T H R E A D  ---------------

Current thread (0x000001dc69eca000):  JavaThread "C2 CompilerThread2" daemon [_thread_in_native, id=10012, stack(0x0000005549700000,0x0000005549800000)]

Stack: [0x0000005549700000,0x0000005549800000]
[error occurred during error reporting (printing stack bounds), id 0xc0000005]

Native frames: (J=compiled Java code, j=interpreted, Vv=VM code, C=native code)


Current CompileTask:
C2:   1147 2181       4       com.sun.xml.bind.v2.model.nav.ReflectionNavigator$1::onParameterizdType (116 bytes)


---------------  P R O C E S S  ---------------

Java Threads: ( => current thread )
  0x000001dc69ee5800 JavaThread "Service Thread" daemon [_thread_blocked, id=488, stack(0x0000005549900000,0x0000005549a00000)]
  0x000001dc69ecb000 JavaThread "C1 CompilerThread3" daemon [_thread_blocked, id=19368, stack(0x0000005549800000,0x0000005549900000)]
=>0x000001dc69eca000 JavaThread "C2 CompilerThread2" daemon [_thread_in_native, id=10012, stack(0x0000005549700000,0x0000005549800000)]
  0x000001dc69ec1800 JavaThread "C2 CompilerThread1" daemon [_thread_in_native, id=20184, stack(0x0000005549600000,0x0000005549700000)]
  0x000001dc69ec6800 JavaThread "C2 CompilerThread0" daemon [_thread_in_native, id=17964, stack(0x0000005549500000,0x0000005549600000)]
  0x000001dc69eb3800 JavaThread "Attach Listener" daemon [_thread_blocked, id=21480, stack(0x0000005549400000,0x0000005549500000)]
  0x000001dc69eb0800 JavaThread "Signal Dispatcher" daemon [_thread_blocked, id=21664, stack(0x0000005549300000,0x0000005549400000)]
  0x000001dc69e8b800 JavaThread "Finalizer" daemon [_thread_blocked, id=19476, stack(0x0000005549200000,0x0000005549300000)]
  0x000001dc585fd800 JavaThread "Reference Handler" daemon [_thread_blocked, id=9988, stack(0x0000005549100000,0x0000005549200000)]
  0x000001dc58370000 JavaThread "main" [_thread_in_native, id=4420, stack(0x0000005548f00000,0x0000005549000000)]

Other Threads:
  0x000001dc585f7000 VMThread [stack: 0x0000005549000000,0x0000005549100000] [id=15080]
  0x000001dc69ee9800 WatcherThread [stack: 0x0000005549a00000,0x0000005549b00000] [id=2992]

VM state:not at safepoint (normal execution)

VM Mutex/Monitor currently owned by a thread: None

heap address: 0x00000000a2400000, size: 1500 MB, Compressed Oops mode: 32-bit
Narrow klass base: 0x0000000000000000, Narrow klass shift: 3
Compressed class space size: 1073741824 Address: 0x0000000100000000

Heap:
 def new generation   total 77440K, used 63861K [0x00000000a2400000, 0x00000000a7800000, 0x00000000c1800000)
  eden space 68864K,  80% used [0x00000000a2400000, 0x00000000a59fd598, 0x00000000a6740000)
  from space 8576K,  99% used [0x00000000a6fa0000, 0x00000000a77ffff8, 0x00000000a7800000)
  to   space 8576K,   0% used [0x00000000a6740000, 0x00000000a6740000, 0x00000000a6fa0000)
 tenured generation   total 172032K, used 1804K [0x00000000c1800000, 0x00000000cc000000, 0x0000000100000000)
   the space 172032K,   1% used [0x00000000c1800000, 0x00000000c19c3040, 0x00000000c19c3200, 0x00000000cc000000)
 Metaspace       used 12914K, capacity 13166K, committed 13312K, reserved 1060864K
  class space    used 1405K, capacity 1467K, committed 1536K, reserved 1048576K

Card table byte_map: [0x000001dc69170000,0x000001dc69460000] byte_map_base: 0x000001dc68c5e000

Polling page: 0x000001dc584d0000

CodeCache: size=245760Kb used=7795Kb max_used=7795Kb free=237964Kb
 bounds [0x000001dc59db0000, 0x000001dc5a560000, 0x000001dc68db0000]
 total_blobs=2544 nmethods=2195 adapters=261
 compilation: enabled

Compilation events (10 events):
Event: 1.124 Thread 0x000001dc69ecb000 2206       3       sun.nio.cs.SingleByte$Encoder::encode (32 bytes)
Event: 1.124 Thread 0x000001dc69ecb000 nmethod 2206 0x000001dc5a550fd0 code [0x000001dc5a551140, 0x000001dc5a551358]
Event: 1.125 Thread 0x000001dc69ecb000 2208       3       java.lang.Integer::reverseBytes (26 bytes)
Event: 1.125 Thread 0x000001dc69ecb000 nmethod 2208 0x000001dc5a551890 code [0x000001dc5a5519e0, 0x000001dc5a551b38]
Event: 1.126 Thread 0x000001dc69ecb000 2211       3       sun.security.provider.SHA::implCompress0 (482 bytes)
Event: 1.126 Thread 0x000001dc69ecb000 nmethod 2211 0x000001dc5a551bd0 code [0x000001dc5a551da0, 0x000001dc5a552638]
Event: 1.126 Thread 0x000001dc69ecb000 2212       3       java.lang.ThreadLocal::get (38 bytes)
Event: 1.126 Thread 0x000001dc69ecb000 nmethod 2212 0x000001dc5a552e50 code [0x000001dc5a552fe0, 0x000001dc5a553370]
Event: 1.128 Thread 0x000001dc69ecb000 2213       3       java.io.WinNTFileSystem::normalize (143 bytes)
Event: 1.128 Thread 0x000001dc69ecb000 nmethod 2213 0x000001dc5a553510 code [0x000001dc5a553700, 0x000001dc5a553f70]

GC Heap History (2 events):
Event: 0.647 GC heap before
{Heap before GC invocations=0 (full 0):
 def new generation   total 77440K, used 68864K [0x00000000a2400000, 0x00000000a7800000, 0x00000000c1800000)
  eden space 68864K, 100% used [0x00000000a2400000, 0x00000000a6740000, 0x00000000a6740000)
  from space 8576K,   0% used [0x00000000a6740000, 0x00000000a6740000, 0x00000000a6fa0000)
  to   space 8576K,   0% used [0x00000000a6fa0000, 0x00000000a6fa0000, 0x00000000a7800000)
 tenured generation   total 172032K, used 0K [0x00000000c1800000, 0x00000000cc000000, 0x0000000100000000)
   the space 172032K,   0% used [0x00000000c1800000, 0x00000000c1800000, 0x00000000c1800200, 0x00000000cc000000)
 Metaspace       used 8770K, capacity 8876K, committed 9216K, reserved 1056768K
  class space    used 888K, capacity 912K, committed 1024K, reserved 1048576K
Event: 0.671 GC heap after
Heap after GC invocations=1 (full 0):
 def new generation   total 77440K, used 8575K [0x00000000a2400000, 0x00000000a7800000, 0x00000000c1800000)
  eden space 68864K,   0% used [0x00000000a2400000, 0x00000000a2400000, 0x00000000a6740000)
  from space 8576K,  99% used [0x00000000a6fa0000, 0x00000000a77ffff8, 0x00000000a7800000)
  to   space 8576K,   0% used [0x00000000a6740000, 0x00000000a6740000, 0x00000000a6fa0000)
 tenured generation   total 172032K, used 1804K [0x00000000c1800000, 0x00000000cc000000, 0x0000000100000000)
   the space 172032K,   1% used [0x00000000c1800000, 0x00000000c19c3040, 0x00000000c19c3200, 0x00000000cc000000)
 Metaspace       used 8770K, capacity 8876K, committed 9216K, reserved 1056768K
  class space    used 888K, capacity 912K, committed 1024K, reserved 1048576K
}

Deoptimization events (10 events):
Event: 0.829 Thread 0x000001dc58370000 Uncommon trap: reason=class_check action=maybe_recompile pc=0x000001dc5a1be1d4 method=com.sun.org.apache.xerces.internal.impl.XMLDocumentFragmentScannerImpl.scanEndElement()I @ 145
Event: 0.829 Thread 0x000001dc58370000 Uncommon trap: reason=class_check action=maybe_recompile pc=0x000001dc5a1be1d4 method=com.sun.org.apache.xerces.internal.impl.XMLDocumentFragmentScannerImpl.scanEndElement()I @ 145
Event: 0.876 Thread 0x000001dc58370000 Uncommon trap: reason=unstable_if action=reinterpret pc=0x000001dc5a11dfb0 method=com.sun.org.apache.xerces.internal.impl.XMLEntityScanner.scanContent(Lcom/sun/org/apache/xerces/internal/xni/XMLString;)I @ 275
Event: 1.030 Thread 0x000001dc58370000 Uncommon trap: reason=predicate action=maybe_recompile pc=0x000001dc5a495280 method=java.util.AbstractCollection.toArray([Ljava/lang/Object;)[Ljava/lang/Object; @ 49
Event: 1.058 Thread 0x000001dc58370000 Uncommon trap: reason=array_check action=maybe_recompile pc=0x000001dc5a4e6888 method=java.util.AbstractCollection.toArray([Ljava/lang/Object;)[Ljava/lang/Object; @ 119
Event: 1.059 Thread 0x000001dc58370000 Uncommon trap: reason=array_check action=maybe_recompile pc=0x000001dc5a4e6888 method=java.util.AbstractCollection.toArray([Ljava/lang/Object;)[Ljava/lang/Object; @ 119
Event: 1.059 Thread 0x000001dc58370000 Uncommon trap: reason=array_check action=maybe_recompile pc=0x000001dc5a4e6888 method=java.util.AbstractCollection.toArray([Ljava/lang/Object;)[Ljava/lang/Object; @ 119
Event: 1.059 Thread 0x000001dc58370000 Uncommon trap: reason=array_check action=maybe_recompile pc=0x000001dc5a4e6888 method=java.util.AbstractCollection.toArray([Ljava/lang/Object;)[Ljava/lang/Object; @ 119
Event: 1.116 Thread 0x000001dc58370000 Uncommon trap: reason=unstable_if action=reinterpret pc=0x000001dc5a422fb8 method=java.io.WinNTFileSystem.normalize(Ljava/lang/String;)Ljava/lang/String; @ 128
Event: 1.119 Thread 0x000001dc58370000 Uncommon trap: reason=bimorphic action=maybe_recompile pc=0x000001dc5a43ea8c method=java.util.AbstractList$Itr.next()Ljava/lang/Object; @ 14

Classes redefined (0 events):
No events

Internal exceptions (10 events):
Event: 1.067 Thread 0x000001dc58370000 Exception <a 'java/lang/ClassNotFoundException': com/sun/org/glassfish/hk2/osgiresourcelocator/ServiceLoader> (0x00000000a5266538) thrown at [C:\workspace\openjdk-build\workspace\build\src\hotspot\src\share\vm\classfile\systemDictionary.cpp, line 217]
Event: 1.072 Thread 0x000001dc58370000 Exception <a 'java/lang/ClassNotFoundException': com/sun/org/glassfish/hk2/osgiresourcelocator/ServiceLoader> (0x00000000a5307e10) thrown at [C:\workspace\openjdk-build\workspace\build\src\hotspot\src\share\vm\classfile\systemDictionary.cpp, line 217]
Event: 1.077 Thread 0x000001dc58370000 Exception <a 'java/lang/ClassNotFoundException': com/sun/org/glassfish/hk2/osgiresourcelocator/ServiceLoader> (0x00000000a53a7a48) thrown at [C:\workspace\openjdk-build\workspace\build\src\hotspot\src\share\vm\classfile\systemDictionary.cpp, line 217]
Event: 1.081 Thread 0x000001dc58370000 Exception <a 'java/lang/ClassNotFoundException': com/sun/org/glassfish/hk2/osgiresourcelocator/ServiceLoader> (0x00000000a5447780) thrown at [C:\workspace\openjdk-build\workspace\build\src\hotspot\src\share\vm\classfile\systemDictionary.cpp, line 217]
Event: 1.086 Thread 0x000001dc58370000 Exception <a 'java/lang/ClassNotFoundException': com/sun/org/glassfish/hk2/osgiresourcelocator/ServiceLoader> (0x00000000a54eb8e8) thrown at [C:\workspace\openjdk-build\workspace\build\src\hotspot\src\share\vm\classfile\systemDictionary.cpp, line 217]
Event: 1.090 Thread 0x000001dc58370000 Exception <a 'java/lang/ClassNotFoundException': com/sun/org/glassfish/hk2/osgiresourcelocator/ServiceLoader> (0x00000000a558c3f0) thrown at [C:\workspace\openjdk-build\workspace\build\src\hotspot\src\share\vm\classfile\systemDictionary.cpp, line 217]
Event: 1.094 Thread 0x000001dc58370000 Exception <a 'java/lang/ClassNotFoundException': com/sun/org/glassfish/hk2/osgiresourcelocator/ServiceLoader> (0x00000000a562d008) thrown at [C:\workspace\openjdk-build\workspace\build\src\hotspot\src\share\vm\classfile\systemDictionary.cpp, line 217]
Event: 1.097 Thread 0x000001dc58370000 Exception <a 'java/lang/ClassNotFoundException': com/sun/org/glassfish/hk2/osgiresourcelocator/ServiceLoader> (0x00000000a56cea38) thrown at [C:\workspace\openjdk-build\workspace\build\src\hotspot\src\share\vm\classfile\systemDictionary.cpp, line 217]
Event: 1.102 Thread 0x000001dc58370000 Exception <a 'java/lang/ClassNotFoundException': com/sun/org/glassfish/hk2/osgiresourcelocator/ServiceLoader> (0x00000000a576e878) thrown at [C:\workspace\openjdk-build\workspace\build\src\hotspot\src\share\vm\classfile\systemDictionary.cpp, line 217]
Event: 1.107 Thread 0x000001dc58370000 Exception <a 'java/lang/ClassNotFoundException': com/sun/org/glassfish/hk2/osgiresourcelocator/ServiceLoader> (0x00000000a580e678) thrown at [C:\workspace\openjdk-build\workspace\build\src\hotspot\src\share\vm\classfile\systemDictionary.cpp, line 217]

Events (10 events):
Event: 1.129 loading class java/net/InetAddress$CachedLocalHost
Event: 1.129 loading class java/net/InetAddress$CachedLocalHost done
Event: 1.129 loading class java/net/Inet4Address
Event: 1.129 loading class java/net/Inet4Address done
Event: 1.129 loading class java/net/Inet6Address
Event: 1.129 loading class java/net/Inet6Address done
Event: 1.130 loading class java/net/Inet6Address$Inet6AddressHolder
Event: 1.130 loading class java/net/Inet6Address$Inet6AddressHolder done
Event: 1.130 loading class java/net/DefaultInterface
Event: 1.130 loading class java/net/DefaultInterface done


Dynamic libraries:
0x00007ff6791f0000 - 0x00007ff679241000 	F:\quartus\quartus\bin64\jre64\bin\java.exe
0x00007ffa2e3f0000 - 0x00007ffa2e5e8000 	C:\Windows\SYSTEM32\ntdll.dll
0x00007ffa2d010000 - 0x00007ffa2d0d1000 	C:\Windows\System32\KERNEL32.DLL
0x00007ffa2c120000 - 0x00007ffa2c416000 	C:\Windows\System32\KERNELBASE.dll
0x00007ffa2dfc0000 - 0x00007ffa2e070000 	C:\Windows\System32\ADVAPI32.dll
0x00007ffa2da20000 - 0x00007ffa2dabe000 	C:\Windows\System32\msvcrt.dll
0x00007ffa2d8d0000 - 0x00007ffa2d970000 	C:\Windows\System32\sechost.dll
0x00007ffa2cb60000 - 0x00007ffa2cc83000 	C:\Windows\System32\RPCRT4.dll
0x00007ffa2baa0000 - 0x00007ffa2bac7000 	C:\Windows\System32\bcrypt.dll
0x00007ffa2de20000 - 0x00007ffa2dfbf000 	C:\Windows\System32\USER32.dll
0x00007ffa2bd30000 - 0x00007ffa2bd52000 	C:\Windows\System32\win32u.dll
0x00007ffa2c4b0000 - 0x00007ffa2c4db000 	C:\Windows\System32\GDI32.dll
0x00007ffa2bd60000 - 0x00007ffa2be77000 	C:\Windows\System32\gdi32full.dll
0x00007ffa2c030000 - 0x00007ffa2c0cd000 	C:\Windows\System32\msvcp_win.dll
0x00007ffa2bf30000 - 0x00007ffa2c030000 	C:\Windows\System32\ucrtbase.dll
0x00007ffa12a50000 - 0x00007ffa12cea000 	C:\Windows\WinSxS\amd64_microsoft.windows.common-controls_6595b64144ccf1df_6.0.19041.4355_none_60b8b9eb71f62e16\COMCTL32.dll
0x00007ffa2c420000 - 0x00007ffa2c44f000 	C:\Windows\System32\IMM32.DLL
0x00007ff9dac20000 - 0x00007ff9dac35000 	F:\quartus\quartus\bin64\jre64\bin\vcruntime140.dll
0x00007ff9ca3f0000 - 0x00007ff9ca48b000 	F:\quartus\quartus\bin64\jre64\bin\msvcp140.dll
0x000000005e840000 - 0x000000005f099000 	F:\quartus\quartus\bin64\jre64\bin\server\jvm.dll
0x00007ffa2e290000 - 0x00007ffa2e298000 	C:\Windows\System32\PSAPI.DLL
0x00007ffa07bd0000 - 0x00007ffa07bd9000 	C:\Windows\SYSTEM32\WSOCK32.dll
0x00007ffa27920000 - 0x00007ffa2792a000 	C:\Windows\SYSTEM32\VERSION.dll
0x00007ffa2cf40000 - 0x00007ffa2cfab000 	C:\Windows\System32\WS2_32.dll
0x00007ffa1c4d0000 - 0x00007ffa1c4f7000 	C:\Windows\SYSTEM32\WINMM.dll
0x00007ffa2a2b0000 - 0x00007ffa2a2c2000 	C:\Windows\SYSTEM32\kernel.appcore.dll
0x00007ff9f9ee0000 - 0x00007ff9f9ef0000 	F:\quartus\quartus\bin64\jre64\bin\verify.dll
0x00007ff9ca3c0000 - 0x00007ff9ca3eb000 	F:\quartus\quartus\bin64\jre64\bin\java.dll
0x00007ff9ca3a0000 - 0x00007ff9ca3b8000 	F:\quartus\quartus\bin64\jre64\bin\zip.dll
0x00007ffa2d160000 - 0x00007ffa2d8cc000 	C:\Windows\System32\SHELL32.dll
0x00007ffa29b00000 - 0x00007ffa2a29e000 	C:\Windows\SYSTEM32\windows.storage.dll
0x00007ffa2dac0000 - 0x00007ffa2de13000 	C:\Windows\System32\combase.dll
0x00007ffa2b4c0000 - 0x00007ffa2b4ee000 	C:\Windows\SYSTEM32\Wldp.dll
0x00007ffa2e1a0000 - 0x00007ffa2e26d000 	C:\Windows\System32\OLEAUT32.dll
0x00007ffa2ce90000 - 0x00007ffa2cf3d000 	C:\Windows\System32\SHCORE.dll
0x00007ffa2cfb0000 - 0x00007ffa2d005000 	C:\Windows\System32\shlwapi.dll
0x00007ffa2b9d0000 - 0x00007ffa2b9f4000 	C:\Windows\SYSTEM32\profapi.dll
0x00007ffa2b410000 - 0x00007ffa2b428000 	C:\Windows\SYSTEM32\CRYPTSP.dll
0x00007ffa2aad0000 - 0x00007ffa2ab04000 	C:\Windows\system32\rsaenh.dll
0x00007ffa2b940000 - 0x00007ffa2b96e000 	C:\Windows\SYSTEM32\USERENV.dll
0x00007ffa2bb40000 - 0x00007ffa2bbc2000 	C:\Windows\System32\bcryptprimitives.dll
0x00007ffa2b430000 - 0x00007ffa2b43c000 	C:\Windows\SYSTEM32\CRYPTBASE.dll
0x00007ff9ca380000 - 0x00007ff9ca39c000 	F:\Quartus\quartus\bin64\jre64\bin\net.dll
0x00007ffa2b220000 - 0x00007ffa2b28a000 	C:\Windows\system32\mswsock.dll
0x00007ffa2aeb0000 - 0x00007ffa2aeeb000 	C:\Windows\SYSTEM32\IPHLPAPI.DLL
0x00007ffa2da10000 - 0x00007ffa2da18000 	C:\Windows\System32\NSI.dll
0x00007ffa28280000 - 0x00007ffa28297000 	C:\Windows\SYSTEM32\dhcpcsvc6.DLL
0x00007ffa27960000 - 0x00007ffa2797d000 	C:\Windows\SYSTEM32\dhcpcsvc.DLL
0x00007ffa2af50000 - 0x00007ffa2b01a000 	C:\Windows\SYSTEM32\DNSAPI.dll

VM Arguments:
jvm_args: -Xmx1500M -XX:+UseSerialGC 
java_command: com.altera.sopcmodel.sbtools.sbcatalog.SbCatalog --xml --project-directory= --search-path=$,F:\uart-receiver,F:\uart-receiver
java_class_path (initial): F:/quartus/quartus/sopc_builder/model/lib\Nlview.jar;F:/quartus/quartus/sopc_builder/model/lib\TableLayout.jar;F:/quartus/quartus/sopc_builder/model/lib\appframework-1.03.jar;F:/quartus/quartus/sopc_builder/model/lib\asm-3.1.jar;F:/quartus/quartus/sopc_builder/model/lib\asm-commons-3.1.jar;F:/quartus/quartus/sopc_builder/model/lib\basicmodel.jar;F:/quartus/quartus/sopc_builder/model/lib\beansbinding-1.2.1.jar;F:/quartus/quartus/sopc_builder/model/lib\binding-2.0.6.jar;F:/quartus/quartus/sopc_builder/model/lib\com.altera.componenteditor2.jar;F:/quartus/quartus/sopc_builder/model/lib\com.altera.embeddedsw.app_lib.jar;F:/quartus/quartus/sopc_builder/model/lib\com.altera.embeddedsw.bsp.editor.jar;F:/quartus/quartus/sopc_builder/model/lib\com.altera.embeddedsw.bsp.elements.jar;F:/quartus/quartus/sopc_builder/model/lib\com.altera.embeddedsw.bsp.jar;F:/quartus/quartus/sopc_builder/model/lib\com.altera.embeddedsw.bsp.plugin.core.jar;F:/quartus/quartus/sopc_builder/model/lib\com.altera.embeddedsw.bsp.plugin.hal.jar;F:/quartus/quartus/sopc_builder/model/lib\com.altera.embeddedsw.bsp.plugin.lwhal.jar;F:/quartus/quartus/sopc_builder/model/lib\com.altera.embeddedsw.bsp.schema.jar;F:/quartus/quartus/sopc_builder/model/lib\com.altera.embeddedsw.bsp.scripting.jar;F:/quartus/quartus/sopc_builder/model/lib\com.altera.embeddedsw.commandline.jar;F:/quartus/quartus/sopc_builder/model/lib\com.altera.embeddedsw.cpexample.jar;F:/quartus/quartus/sopc_builder/model/lib\com.altera.embeddedsw.flash.jar;F:/quartus/quartus/sopc_builder/model/lib\com.altera.embeddedsw.launch.jar;F:/quartus/quartus/sopc_builder/model/lib\com.altera.embeddedsw.swinfo.jar;F:/quartus/quartus/sopc_builder/model/lib\com.altera.embeddedsw.utilities.jar;F:/quartus/quartus/sopc_builder/model/lib\com.altera.entityinterfaces.jar;F:/quartus/quartus/sopc_builder/model/lib\com.altera.genman.jar;F:/quartus/quartus/sopc_builder/model/lib\com.altera.hdlcomponent.jar;F:/quartus/quartus/sopc_builder/mod
Launcher Type: SUN_STANDARD

Environment Variables:
PATH=F:/quartus/quartus/bin64;f:\quartus\quartus\bin64\;f:\quartus\quartus\bin64\;C:\Program Files (x86)\VMware\VMware Workstation\bin\;C:\Program Files\Common Files\Oracle\Java\javapath;C:\Program Files (x86)\Common Files\Oracle\Java\javapath;C:\Program Files (x86)\Common Files\Intel\Shared Libraries\redist\intel64\compiler;C:\Program Files (x86)\Common Files\Intel\Shared Libraries\redist\ia32\compiler;C:\Windows\system32;C:\Windows;C:\Windows\System32\Wbem;C:\Windows\System32\WindowsPowerShell\v1.0\;C:\Windows\System32\OpenSSH\;C:\Program Files\NVIDIA Corporation\NVIDIA NvDLISR;D:\New folder\runtime\win64;D:\New folder\bin;D:\New folder\polyspace\bin;C:\Program Files\dotnet\;C:\Program Files (x86)\NVIDIA Corporation\PhysX\Common;C:\Program Files\Microchip\xc8\v2.36\bin;C:\Program Files\Microchip\xc16\v2.10\bin;C:\Program Files\Microchip\xc8\v2.45\bin;C:\Program Files\Cloudflare\Cloudflare WARP\;C:\Users\Dell\AppData\Local\Programs\Python\Python39\Scripts\;C:\Users\Dell\AppData\Local\Programs\Python\Python39\;C:\Users\Dell\AppData\Local\Microsoft\WindowsApps;;C:\altera\13.0sp1\modelsim_ase\win32aloem;C:\altera\13.0sp1\modelsim_ae\win32aloem;C:\Users\Dell\AppData\Local\Programs\Microsoft VS Code\bin;D:\Quartus\questa_fse\win64
USERNAME=Dell
OS=Windows_NT
PROCESSOR_IDENTIFIER=Intel64 Family 6 Model 140 Stepping 1, GenuineIntel



---------------  S Y S T E M  ---------------

OS: Windows 10 , 64 bit Build 19041 (10.0.19041.4597)

CPU:total 8 (initial active 8) (4 cores per cpu, 2 threads per core) family 6 model 140 stepping 1, cmov, cx8, fxsr, mmx, sse, sse2, sse3, ssse3, sse4.1, sse4.2, popcnt, avx, avx2, aes, clmul, erms, 3dnowpref, lzcnt, ht, tsc, tscinvbit, bmi1, bmi2, adx

Memory: 4k page, physical 16493352k(3182128k free), swap 17541928k(5880k free)

vm_info: OpenJDK 64-Bit Server VM (25.392-b08) for windows-amd64 JRE (1.8.0_392-b08), built on Oct 18 2023 01:02:03 by "jenkins" with MS VC++ 15.9 (VS2017)

time: Wed Aug 14 21:35:22 2024
timezone: SE Asia Standard Time
elapsed time: 1.150572 seconds (0d 0h 0m 1s)

